<?xml version="1.0" encoding="UTF-8"?>
<!DOCTYPE suite SYSTEM "http://testng.org/testng-1.0.dtd" >
<suite name="tests">

    <test name="backend">
        <packages>
            <package name="sloup.basictestnostructure.SpaghettiTestAfterLecture1"/>
        </packages>
    </test>

    <test name="backend2">
        <classes>
            <class name="sloup.basictestwithstructure.PageObjectTests"/>
        </classes>
    </test>

</suite>