<?xml version="1.0" encoding="UTF-8"?>
<!DOCTYPE suite SYSTEM "http://testng.org/testng-1.0.dtd" >
<suite name="tests">

    <test name="backend">
        <packages>
            <package name="sloup.A_spaghetti_tests_lecture_2.B_SpaghettiTest_BingAndSeznamUrls"/>
        </packages>
    </test>

    <test name="backend2">
        <classes>
            <class name="sloup.Z_spaghetti_page_objects.SpaghettiTestWithPageObjects"/>
        </classes>
    </test>

</suite>